[    0.000000] Linux version 6.5.0-1014-aws (buildd@lcy02-amd64-032) (x86_64-linux-gnu-gcc-11 (Ubuntu 11.4.0-1ubuntu1~22.04) 11.4.0, GNU ld (GNU Binutils for Ubuntu) 2.38) #14~22.04.1-Ubuntu SMP Thu Feb 15 15:27:06 UTC 2024 (Ubuntu 6.5.0-1014.14~22.04.1-aws 6.5.8)
[    0.000000] Command line: BOOT_IMAGE=/boot/vmlinuz-6.5.0-1014-aws root=PARTUUID=b4b91ea5-ac2a-4289-9a10-c53cba170810 ro console=tty1 console=ttyS0 nvme_core.io_timeout=4294967295 panic=-1
[    0.000000] KERNEL supported cpus:
[    0.000000]   Intel GenuineIntel
[    0.000000]   AMD AuthenticAMD
[    0.000000]   Hygon HygonGenuine
[    0.000000]   Centaur CentaurHauls
[    0.000000]   zhaoxin   Shanghai  
[    0.000000] BIOS-provided physical RAM map:
[    0.000000] BIOS-e820: [mem 0x0000000000000000-0x000000000009dfff] usable
[    0.000000] BIOS-e820: [mem 0x000000000009e000-0x000000000009ffff] reserved
[    0.000000] BIOS-e820: [mem 0x00000000000e0000-0x00000000000fffff] reserved
[    0.000000] BIOS-e820: [mem 0x0000000000100000-0x000000003fffffff] usable
[    0.000000] BIOS-e820: [mem 0x00000000fc000000-0x00000000ffffffff] reserved
[    0.000000] NX (Execute Disable) protection: active
[    0.000000] SMBIOS 2.7 present.
[    0.000000] DMI: Xen HVM domU, BIOS 4.11.amazon 08/24/2006
[    0.000000] Hypervisor detected: Xen HVM
[    0.000000] Xen version 4.11.
[    0.000000] platform_pci_unplug: Netfront and the Xen platform PCI driver have been compiled for this kernel: unplug emulated NICs.
[    0.000000] platform_pci_unplug: Blkfront and the Xen platform PCI driver have been compiled for this kernel: unplug emulated disks.
[    0.000000] You might have to change the root device
[    0.000000] from /dev/hd[a-d] to /dev/xvd[a-d]
[    0.000000] in your root= kernel command line option
[    0.021687] tsc: Fast TSC calibration using PIT
[    0.021689] tsc: Detected 2299.941 MHz processor
[    0.021690] tsc: Detected 2300.006 MHz TSC
[    0.022202] last_pfn = 0x40000 max_arch_pfn = 0x400000000
[    0.022236] MTRR map: 4 entries (3 fixed + 1 variable; max 19), built from 8 variable MTRRs
[    0.022238] x86/PAT: Configuration [0-7]: WB  WC  UC- UC  WB  WP  UC- WT  
[    0.043462] found SMP MP-table at [mem 0x000fb9a0-0x000fb9af]
[    0.043652] RAMDISK: [mem 0x37209000-0x378fbfff]
[    0.043672] ACPI: Early table checksum verification disabled
[    0.043683] ACPI: RSDP 0x00000000000EA020 000024 (v02 Xen   )
[    0.043699] ACPI: XSDT 0x00000000FC00C780 000054 (v01 Xen    HVM      00000000 HVML 00000000)
[    0.043718] ACPI: FACP 0x00000000FC00C440 0000F4 (v04 Xen    HVM      00000000 HVML 00000000)
[    0.043762] ACPI: DSDT 0x00000000FC003940 008A7E (v02 Xen    HVM      00000000 INTL 20090123)
[    0.043767] ACPI: FACS 0x00000000FC003900 000040
[    0.043772] ACPI: FACS 0x00000000FC003900 000040
[    0.043776] ACPI: APIC 0x00000000FC00C540 0000D8 (v02 Xen    HVM      00000000 HVML 00000000)
[    0.043782] ACPI: HPET 0x00000000FC00C690 000038 (v01 Xen    HVM      00000000 HVML 00000000)
[    0.043787] ACPI: WAET 0x00000000FC00C6D0 000028 (v01 Xen    HVM      00000000 HVML 00000000)
[    0.043792] ACPI: SSDT 0x00000000FC00C700 000031 (v02 Xen    HVM      00000000 INTL 20090123)
[    0.043797] ACPI: SSDT 0x00000000FC00C740 000033 (v02 Xen    HVM      00000000 INTL 20090123)
[    0.043800] ACPI: Reserving FACP table memory at [mem 0xfc00c440-0xfc00c533]
[    0.043802] ACPI: Reserving DSDT table memory at [mem 0xfc003940-0xfc00c3bd]
[    0.043803] ACPI: Reserving FACS table memory at [mem 0xfc003900-0xfc00393f]
[    0.043804] ACPI: Reserving FACS table memory at [mem 0xfc003900-0xfc00393f]
[    0.043805] ACPI: Reserving APIC table memory at [mem 0xfc00c540-0xfc00c617]
[    0.043806] ACPI: Reserving HPET table memory at [mem 0xfc00c690-0xfc00c6c7]
[    0.043807] ACPI: Reserving WAET table memory at [mem 0xfc00c6d0-0xfc00c6f7]
[    0.043808] ACPI: Reserving SSDT table memory at [mem 0xfc00c700-0xfc00c730]
[    0.043808] ACPI: Reserving SSDT table memory at [mem 0xfc00c740-0xfc00c772]
[    0.046030] No NUMA configuration found
[    0.046034] Faking a node at [mem 0x0000000000000000-0x000000003fffffff]
[    0.046044] NODE_DATA(0) allocated [mem 0x3ffd5000-0x3fffffff]
[    0.046273] Zone ranges:
[    0.046274]   DMA      [mem 0x0000000000001000-0x0000000000ffffff]
[    0.046277]   DMA32    [mem 0x0000000001000000-0x000000003fffffff]
[    0.046279]   Normal   empty
[    0.046280]   Device   empty
[    0.046281] Movable zone start for each node
[    0.046284] Early memory node ranges
[    0.046285]   node   0: [mem 0x0000000000001000-0x000000000009dfff]
[    0.046286]   node   0: [mem 0x0000000000100000-0x000000003fffffff]
[    0.046288] Initmem setup node 0 [mem 0x0000000000001000-0x000000003fffffff]
[    0.046303] On node 0, zone DMA: 1 pages in unavailable ranges
[    0.046343] On node 0, zone DMA: 98 pages in unavailable ranges
[    0.051533] ACPI: PM-Timer IO Port: 0xb008
[    0.051636] IOAPIC[0]: apic_id 1, version 17, address 0xfec00000, GSI 0-47
[    0.051644] ACPI: INT_SRC_OVR (bus 0 bus_irq 0 global_irq 2 dfl dfl)
[    0.051648] ACPI: INT_SRC_OVR (bus 0 bus_irq 5 global_irq 5 low level)
[    0.051651] ACPI: INT_SRC_OVR (bus 0 bus_irq 10 global_irq 10 low level)
[    0.051655] ACPI: INT_SRC_OVR (bus 0 bus_irq 11 global_irq 11 low level)
[    0.051674] ACPI: Using ACPI (MADT) for SMP configuration information
[    0.051677] ACPI: HPET id: 0x8086a201 base: 0xfed00000
[    0.051681] TSC deadline timer available
[    0.051688] smpboot: Allowing 15 CPUs, 14 hotplug CPUs
[    0.051697] PM: hibernation: Registered nosave memory: [mem 0x00000000-0x00000fff]
[    0.051700] PM: hibernation: Registered nosave memory: [mem 0x0009e000-0x0009ffff]
[    0.051701] PM: hibernation: Registered nosave memory: [mem 0x000a0000-0x000dffff]
[    0.051702] PM: hibernation: Registered nosave memory: [mem 0x000e0000-0x000fffff]
[    0.051704] [mem 0x40000000-0xfbffffff] available for PCI devices
[    0.051706] Booting paravirtualized kernel on Xen HVM
[    0.051709] clocksource: refined-jiffies: mask: 0xffffffff max_cycles: 0xffffffff, max_idle_ns: 7645519600211568 ns
[    0.051716] setup_percpu: NR_CPUS:8192 nr_cpumask_bits:15 nr_cpu_ids:15 nr_node_ids:1
[    0.052714] percpu: Embedded 63 pages/cpu s221184 r8192 d28672 u262144
[    0.052755] PV qspinlock hash table entries: 256 (order: 0, 4096 bytes, linear)
[    0.052758] Kernel command line: BOOT_IMAGE=/boot/vmlinuz-6.5.0-1014-aws root=PARTUUID=b4b91ea5-ac2a-4289-9a10-c53cba170810 ro console=tty1 console=ttyS0 nvme_core.io_timeout=4294967295 panic=-1
[    0.052830] Unknown kernel command line parameters "BOOT_IMAGE=/boot/vmlinuz-6.5.0-1014-aws", will be passed to user space.
[    0.052864] random: crng init done
[    0.053020] Dentry cache hash table entries: 131072 (order: 8, 1048576 bytes, linear)
[    0.053108] Inode-cache hash table entries: 65536 (order: 7, 524288 bytes, linear)
[    0.053323] Fallback order for Node 0: 0 
[    0.053328] Built 1 zonelists, mobility grouping on.  Total pages: 257792
[    0.053330] Policy zone: DMA32
[    0.053336] mem auto-init: stack:off, heap alloc:on, heap free:off
[    0.055426] Memory: 956620K/1048180K available (20480K kernel code, 4260K rwdata, 13240K rodata, 4888K init, 17304K bss, 91300K reserved, 0K cma-reserved)
[    0.055721] SLUB: HWalign=64, Order=0-3, MinObjects=0, CPUs=15, Nodes=1
[    0.055737] Kernel/User page tables isolation: enabled
[    0.055789] ftrace: allocating 55604 entries in 218 pages
[    0.055858] ftrace section at ffffffffb367f7c0 sorted properly
[    0.067633] ftrace: allocated 218 pages with 5 groups
[    0.067851] rcu: Hierarchical RCU implementation.
[    0.067852] rcu: 	RCU restricting CPUs from NR_CPUS=8192 to nr_cpu_ids=15.
[    0.067854] 	Rude variant of Tasks RCU enabled.
[    0.067854] 	Tracing variant of Tasks RCU enabled.
[    0.067855] rcu: RCU calculated value of scheduler-enlistment delay is 25 jiffies.
[    0.067856] rcu: Adjusting geometry for rcu_fanout_leaf=16, nr_cpu_ids=15
[    0.070996] NR_IRQS: 524544, nr_irqs: 952, preallocated irqs: 16
[    0.071046] xen:events: Using 2-level ABI
[    0.071108] xen:events: Xen HVM callback vector for event delivery is enabled
[    0.071292] rcu: srcu_init: Setting srcu_struct sizes based on contention.
[    0.102866] Console: colour VGA+ 80x25
[    0.102871] printk: console [tty1] enabled
[    0.194273] Cannot get hvm parameter CONSOLE_EVTCHN (18): -22!
[    0.195064] printk: console [ttyS0] enabled
[    0.688372] ACPI: Core revision 20230331
[    0.695137] clocksource: hpet: mask: 0xffffffff max_cycles: 0xffffffff, max_idle_ns: 30580167144 ns
[    0.702242] APIC: Switch to symmetric I/O mode setup
[    0.706836] x2apic enabled
[    0.709923] Switched APIC routing to physical x2apic.
[    0.716007] ..TIMER: vector=0x30 apic1=0 pin1=2 apic2=0 pin2=0
[    0.738744] clocksource: tsc-early: mask: 0xffffffffffffffff max_cycles: 0x21273ac4d85, max_idle_ns: 440795266965 ns
[    0.746421] Calibrating delay loop (skipped), value calculated using timer frequency.. 4600.01 BogoMIPS (lpj=9200024)
[    0.755718] Last level iTLB entries: 4KB 64, 2MB 8, 4MB 8
[    0.759109] Last level dTLB entries: 4KB 64, 2MB 0, 4MB 0, 1GB 4
[    0.763292] Spectre V1 : Mitigation: usercopy/swapgs barriers and __user pointer sanitization
[    0.771285] Spectre V2 : Mitigation: Retpolines
[    0.774421] Spectre V2 : Spectre v2 / SpectreRSB mitigation: Filling RSB on context switch
[    0.779232] Spectre V2 : Spectre v2 / SpectreRSB : Filling RSB on VMEXIT
[    0.783158] Speculative Store Bypass: Vulnerable
[    0.787019] MDS: Vulnerable: Clear CPU buffers attempted, no microcode
[    0.791363] MMIO Stale Data: Vulnerable: Clear CPU buffers attempted, no microcode
[    0.795233] x86/fpu: Supporting XSAVE feature 0x001: 'x87 floating point registers'
[    0.799359] x86/fpu: Supporting XSAVE feature 0x002: 'SSE registers'
[    0.803302] x86/fpu: Supporting XSAVE feature 0x004: 'AVX registers'
[    0.807104] x86/fpu: xstate_offset[2]:  576, xstate_sizes[2]:  256
[    0.811126] x86/fpu: Enabled xstate features 0x7, context size is 832 bytes, using 'standard' format.
[    0.849661] pid_max: default: 32768 minimum: 301
[    0.851108] LSM: initializing lsm=lockdown,capability,landlock,yama,apparmor,integrity
[    0.858440] landlock: Up and running.
[    0.861021] Yama: becoming mindful.
[    0.863076] AppArmor: AppArmor initialized
[    0.878474] Mount-cache hash table entries: 2048 (order: 2, 16384 bytes, linear)
[    0.883286] Mountpoint-cache hash table entries: 2048 (order: 2, 16384 bytes, linear)
[    0.891909] clocksource: xen: mask: 0xffffffffffffffff max_cycles: 0x1cd42e4dffb, max_idle_ns: 881590591483 ns
[    0.898445] installing Xen timer for CPU 0
[    0.901834] smpboot: CPU0: Intel(R) Xeon(R) CPU E5-2686 v4 @ 2.30GHz (family: 0x6, model: 0x4f, stepping: 0x1)
[    0.903535] cpu 0 spinlock event irq 53
[    0.906623] RCU Tasks Rude: Setting shift to 4 and lim to 1 rcu_task_cb_adjust=1.
[    0.911705] RCU Tasks Trace: Setting shift to 4 and lim to 1 rcu_task_cb_adjust=1.
[    0.915370] Performance Events: unsupported p6 CPU model 79 no PMU driver, software events only.
[    0.919489] signal: max sigframe size: 1776
[    0.923300] rcu: Hierarchical SRCU implementation.
[    0.927318] rcu: 	Max phase no-delay instances is 1000.
[    0.931762] NMI watchdog: Perf NMI watchdog permanently disabled
[    0.935510] smp: Bringing up secondary CPUs ...
[    0.938434] smp: Brought up 1 node, 1 CPU
[    0.941364] smpboot: Max logical packages: 15
[    0.943472] smpboot: Total of 1 processors activated (4600.01 BogoMIPS)
[    0.950811] devtmpfs: initialized
[    0.954451] x86/mm: Memory block size: 128MB
[    0.958618] clocksource: jiffies: mask: 0xffffffff max_cycles: 0xffffffff, max_idle_ns: 7645041785100000 ns
[    0.963821] futex hash table entries: 4096 (order: 6, 262144 bytes, linear)
[    0.967445] pinctrl core: initialized pinctrl subsystem
[    0.971518] PM: RTC time: 10:47:37, date: 2024-03-20
[    0.976276] NET: Registered PF_NETLINK/PF_ROUTE protocol family
[    0.979572] DMA: preallocated 128 KiB GFP_KERNEL pool for atomic allocations
[    0.983470] DMA: preallocated 128 KiB GFP_KERNEL|GFP_DMA pool for atomic allocations
[    0.987555] DMA: preallocated 128 KiB GFP_KERNEL|GFP_DMA32 pool for atomic allocations
[    0.991549] audit: initializing netlink subsys (disabled)
[    0.998653] thermal_sys: Registered thermal governor 'fair_share'
[    0.998655] thermal_sys: Registered thermal governor 'bang_bang'
[    1.003337] audit: type=2000 audit(1710931657.440:1): state=initialized audit_enabled=0 res=1
[    1.011579] thermal_sys: Registered thermal governor 'step_wise'
[    1.011581] thermal_sys: Registered thermal governor 'user_space'
[    1.015342] thermal_sys: Registered thermal governor 'power_allocator'
[    1.019292] EISA bus registered
[    1.026436] cpuidle: using governor ladder
[    1.030404] cpuidle: using governor menu
[    1.031253] acpiphp: ACPI Hot Plug PCI Controller Driver version: 0.5
[    1.036004] PCI: Using configuration type 1 for base access
[    1.039541] kprobes: kprobe jump-optimization is enabled. All kprobes are optimized if possible.
[    1.082254] HugeTLB: registered 2.00 MiB page size, pre-allocated 0 pages
[    1.086424] HugeTLB: 28 KiB vmemmap can be freed for a 2.00 MiB page
[    1.091827] ACPI: Added _OSI(Module Device)
[    1.095245] ACPI: Added _OSI(Processor Device)
[    1.099293] ACPI: Added _OSI(3.0 _SCP Extensions)
[    1.103222] ACPI: Added _OSI(Processor Aggregator Device)
[    1.115684] ACPI: 3 ACPI AML tables successfully acquired and loaded
[    1.123452] ACPI: Interpreter enabled
[    1.127690] ACPI: PM: (supports S0 S4 S5)
[    1.131816] ACPI: Using IOAPIC for interrupt routing
[    1.136435] PCI: Using host bridge windows from ACPI; if necessary, use "pci=nocrs" and report a bug
[    1.140119] PCI: Using E820 reservations for host bridge windows
[    1.143737] ACPI: Enabled 2 GPEs in block 00 to 0F
[    1.175806] ACPI: PCI Root Bridge [PCI0] (domain 0000 [bus 00-ff])
[    1.179261] acpi PNP0A03:00: _OSC: OS supports [ASPM ClockPM Segments MSI EDR HPX-Type3]
[    1.183407] acpi PNP0A03:00: _OSC: not requesting OS control; OS requires [ExtendedConfig ASPM ClockPM MSI]
[    1.187594] acpi PNP0A03:00: fail to add MMCONFIG information, can't access extended configuration space under this bridge
[    1.196852] acpiphp: Slot [0] registered
[    1.200745] acpiphp: Slot [3] registered
[    1.203676] acpiphp: Slot [4] registered
[    1.207681] acpiphp: Slot [5] registered
[    1.210992] acpiphp: Slot [6] registered
[    1.214100] acpiphp: Slot [7] registered
[    1.215968] acpiphp: Slot [8] registered
[    1.218961] acpiphp: Slot [9] registered
[    1.222679] acpiphp: Slot [10] registered
[    1.226162] acpiphp: Slot [11] registered
[    1.227758] acpiphp: Slot [12] registered
[    1.231695] acpiphp: Slot [13] registered
[    1.235738] acpiphp: Slot [14] registered
[    1.239969] acpiphp: Slot [15] registered
[    1.243758] acpiphp: Slot [16] registered
[    1.247048] acpiphp: Slot [17] registered
[    1.251877] acpiphp: Slot [18] registered
[    1.255861] acpiphp: Slot [19] registered
[    1.259864] acpiphp: Slot [20] registered
[    1.264021] acpiphp: Slot [21] registered
[    1.267674] acpiphp: Slot [22] registered
[    1.270814] acpiphp: Slot [23] registered
[    1.274523] acpiphp: Slot [24] registered
[    1.278667] acpiphp: Slot [25] registered
[    1.282806] acpiphp: Slot [26] registered
[    1.287147] acpiphp: Slot [27] registered
[    1.290819] acpiphp: Slot [28] registered
[    1.294294] acpiphp: Slot [29] registered
[    1.295592] acpiphp: Slot [30] registered
[    1.298768] acpiphp: Slot [31] registered
[    1.302099] PCI host bridge to bus 0000:00
[    1.303100] pci_bus 0000:00: root bus resource [io  0x0000-0x0cf7 window]
[    1.307274] pci_bus 0000:00: root bus resource [io  0x0d00-0xffff window]
[    1.311291] pci_bus 0000:00: root bus resource [mem 0x000a0000-0x000bffff window]
[    1.315677] pci_bus 0000:00: root bus resource [mem 0xf0000000-0xfbffffff window]
[    1.319474] pci_bus 0000:00: root bus resource [bus 00-ff]
[    1.323531] pci 0000:00:00.0: [8086:1237] type 00 class 0x060000
[    1.329555] pci 0000:00:01.0: [8086:7000] type 00 class 0x060100
[    1.333545] pci 0000:00:01.1: [8086:7010] type 00 class 0x010180
[    1.337694] pci 0000:00:01.1: reg 0x20: [io  0xc100-0xc10f]
[    1.340016] pci 0000:00:01.1: legacy IDE quirk: reg 0x10: [io  0x01f0-0x01f7]
[    1.343489] pci 0000:00:01.1: legacy IDE quirk: reg 0x14: [io  0x03f6]
[    1.347493] pci 0000:00:01.1: legacy IDE quirk: reg 0x18: [io  0x0170-0x0177]
[    1.351316] pci 0000:00:01.1: legacy IDE quirk: reg 0x1c: [io  0x0376]
[    1.355929] * Found PM-Timer Bug on the chipset. Due to workarounds for a bug,
[    1.355929] * this clock source is slow. Consider trying other clock sources
[    1.359759] pci 0000:00:01.3: [8086:7113] type 00 class 0x068000
[    1.365545] pci 0000:00:01.3: quirk: [io  0xb000-0xb03f] claimed by PIIX4 ACPI
[    1.369535] pci 0000:00:02.0: [1013:00b8] type 00 class 0x030000
[    1.371728] pci 0000:00:02.0: reg 0x10: [mem 0xf0000000-0xf1ffffff pref]
[    1.376070] pci 0000:00:02.0: reg 0x14: [mem 0xf3000000-0xf3000fff]
[    1.381009] pci 0000:00:02.0: Video device with shadowed ROM at [mem 0x000c0000-0x000dffff]
[    1.384193] pci 0000:00:03.0: [5853:0001] type 00 class 0xff8000
[    1.387839] pci 0000:00:03.0: reg 0x10: [io  0xc000-0xc0ff]
[    1.391670] pci 0000:00:03.0: reg 0x14: [mem 0xf2000000-0xf2ffffff pref]
[    1.404547] ACPI: PCI: Interrupt link LNKA configured for IRQ 5
[    1.408058] ACPI: PCI: Interrupt link LNKB configured for IRQ 10
[    1.411612] ACPI: PCI: Interrupt link LNKC configured for IRQ 11
[    1.415690] ACPI: PCI: Interrupt link LNKD configured for IRQ 5
[    1.430729] xen:balloon: Initialising balloon driver
[    1.435451] iommu: Default domain type: Translated
[    1.439321] iommu: DMA domain TLB invalidation policy: lazy mode
[    1.443584] SCSI subsystem initialized
[    1.446501] ACPI: bus type USB registered
[    1.449902] usbcore: registered new interface driver usbfs
[    1.451163] usbcore: registered new interface driver hub
[    1.454434] usbcore: registered new device driver usb
[    1.458202] pps_core: LinuxPPS API ver. 1 registered
[    1.459315] pps_core: Software ver. 5.3.6 - Copyright 2005-2007 Rodolfo Giometti <giometti@linux.it>
[    1.463697] PTP clock support registered
[    1.466528] EDAC MC: Ver: 3.0.0
[    1.470116] NetLabel: Initializing
[    1.471238] NetLabel:  domain hash size = 128
[    1.474421] NetLabel:  protocols = UNLABELED CIPSOv4 CALIPSO
[    1.478451] NetLabel:  unlabeled traffic allowed by default
[    1.483261] mctp: management component transport protocol core
[    1.487460] NET: Registered PF_MCTP protocol family
[    1.490429] PCI: Using ACPI for IRQ routing
[    1.494851] pci 0000:00:02.0: vgaarb: setting as boot VGA device
[    1.498416] pci 0000:00:02.0: vgaarb: bridge control possible
[    1.498416] pci 0000:00:02.0: vgaarb: VGA device added: decodes=io+mem,owns=io+mem,locks=none
[    1.498424] vgaarb: loaded
[    1.501871] hpet: 3 channels of 0 reserved for per-cpu timers
[    1.503517] hpet0: at MMIO 0xfed00000, IRQs 2, 8, 0
[    1.507313] hpet0: 3 comparators, 64-bit 62.500000 MHz counter
[    1.514474] clocksource: Switched to clocksource xen
[    1.532605] VFS: Disk quotas dquot_6.6.0
[    1.536835] VFS: Dquot-cache hash table entries: 512 (order 0, 4096 bytes)
[    1.544631] AppArmor: AppArmor Filesystem Enabled
[    1.549559] pnp: PnP ACPI init
[    1.552405] system 00:00: [mem 0x00000000-0x0009ffff] could not be reserved
[    1.558035] system 00:01: [io  0x08a0-0x08a3] has been reserved
[    1.563831] system 00:01: [io  0x0cc0-0x0ccf] has been reserved
[    1.568956] system 00:01: [io  0x04d0-0x04d1] has been reserved
[    1.573779] system 00:07: [io  0x10c0-0x1141] has been reserved
[    1.578222] system 00:07: [io  0xb044-0xb047] has been reserved
[    1.594181] pnp: PnP ACPI: found 8 devices
[    1.604150] clocksource: acpi_pm: mask: 0xffffff max_cycles: 0xffffff, max_idle_ns: 2085701024 ns
[    1.610613] NET: Registered PF_INET protocol family
[    1.630258] IP idents hash table entries: 16384 (order: 5, 131072 bytes, linear)
[    1.637767] tcp_listen_portaddr_hash hash table entries: 512 (order: 1, 8192 bytes, linear)
[    1.643546] Table-perturb hash table entries: 65536 (order: 6, 262144 bytes, linear)
[    1.650059] TCP established hash table entries: 8192 (order: 4, 65536 bytes, linear)
[    1.655571] TCP bind hash table entries: 8192 (order: 6, 262144 bytes, linear)
[    1.661573] TCP: Hash tables configured (established 8192 bind 8192)
[    1.668009] MPTCP token hash table entries: 1024 (order: 2, 24576 bytes, linear)
[    1.673520] UDP hash table entries: 512 (order: 2, 16384 bytes, linear)
[    1.678965] UDP-Lite hash table entries: 512 (order: 2, 16384 bytes, linear)
[    1.686172] NET: Registered PF_UNIX/PF_LOCAL protocol family
[    1.691587] NET: Registered PF_XDP protocol family
[    1.695228] pci_bus 0000:00: resource 4 [io  0x0000-0x0cf7 window]
[    1.700074] pci_bus 0000:00: resource 5 [io  0x0d00-0xffff window]
[    1.705264] pci_bus 0000:00: resource 6 [mem 0x000a0000-0x000bffff window]
[    1.711175] pci_bus 0000:00: resource 7 [mem 0xf0000000-0xfbffffff window]
[    1.717086] pci 0000:00:01.0: PIIX3: Enabling Passive Release
[    1.721636] pci 0000:00:00.0: Limiting direct PCI/PCI transfers
[    1.727064] PCI: CLS 0 bytes, default 64
[    1.731075] Trying to unpack rootfs image as initramfs...
[    1.735439] clocksource: tsc: mask: 0xffffffffffffffff max_cycles: 0x21273ac4d85, max_idle_ns: 440795266965 ns
[    1.746704] Freeing initrd memory: 7116K
[    1.750280] Initialise system trusted keyrings
[    1.753873] Key type blacklist registered
[    1.758141] workingset: timestamp_bits=36 max_order=18 bucket_order=0
[    1.763511] zbud: loaded
[    1.767343] squashfs: version 4.0 (2009/01/31) Phillip Lougher
[    1.773676] fuse: init (API version 7.38)
[    1.777886] integrity: Platform Keyring initialized
[    1.783508] integrity: Machine keyring initialized
[    1.796433] Key type asymmetric registered
[    1.799810] Asymmetric key parser 'x509' registered
[    1.804543] Block layer SCSI generic (bsg) driver version 0.4 loaded (major 243)
[    1.815077] io scheduler mq-deadline registered
[    1.818837] shpchp: Standard Hot Plug PCI Controller Driver version: 0.4
[    1.824540] input: Power Button as /devices/LNXSYSTM:00/LNXPWRBN:00/input/input0
[    1.831032] ACPI: button: Power Button [PWRF]
[    1.835326] input: Sleep Button as /devices/LNXSYSTM:00/LNXSLPBN:00/input/input1
[    1.841611] ACPI: button: Sleep Button [SLPF]
[    1.851236] xen:grant_table: Grant tables using version 1 layout
[    1.857246] Grant table initialized
[    1.860312] Cannot get hvm parameter CONSOLE_EVTCHN (18): -22!
[    1.864778] Serial: 8250/16550 driver, 4 ports, IRQ sharing enabled
[    1.900896] 00:06: ttyS0 at I/O 0x3f8 (irq = 4, base_baud = 115200) is a 16550A
[    1.917893] Linux agpgart interface v0.103
[    1.923537] loop: module loaded
[    1.926339] Invalid max_queues (4), will use default max: 1.
[    1.933721] scsi host0: ata_piix
[    1.937377] scsi host1: ata_piix
[    1.943674] ata1: PATA max MWDMA2 cmd 0x1f0 ctl 0x3f6 bmdma 0xc100 irq 14
[    1.951379] ata2: PATA max MWDMA2 cmd 0x170 ctl 0x376 bmdma 0xc108 irq 15
[    1.965241] tun: Universal TUN/TAP device driver, 1.6
[    1.971252] PPP generic driver version 2.4.2
[    1.974946] xen_netfront: Initialising Xen virtual ethernet driver
[    1.990928] i8042: PNP: PS/2 Controller [PNP0303:PS2K,PNP0f13:PS2M] at 0x60,0x64 irq 1,12
[    2.007702] serio: i8042 KBD port at 0x60,0x64 irq 1
[    2.012250] serio: i8042 AUX port at 0x60,0x64 irq 12
[    2.017220] mousedev: PS/2 mouse device common for all mice
[    2.023552] input: AT Translated Set 2 keyboard as /devices/platform/i8042/serio0/input/input2
[    2.031037] rtc_cmos 00:02: registered as rtc0
[    2.037756] rtc_cmos 00:02: setting system clock to 2024-03-20T10:47:38 UTC (1710931658)
[    2.047941] rtc_cmos 00:02: alarms up to one day, 114 bytes nvram, hpet irqs
[    2.057605] i2c_dev: i2c /dev entries driver
[    2.062801] device-mapper: core: CONFIG_IMA_DISABLE_HTABLE is disabled. Duplicate IMA measurements will not be recorded in the IMA log.
[    2.076131] device-mapper: uevent: version 1.0.3
[    2.079798] device-mapper: ioctl: 4.48.0-ioctl (2023-03-01) initialised: dm-devel@redhat.com
[    2.086920] platform eisa.0: Probing EISA bus 0
[    2.094210] platform eisa.0: EISA: Cannot allocate resource for mainboard
[    2.104163] platform eisa.0: Cannot allocate resource for EISA slot 1
[    2.113452] platform eisa.0: Cannot allocate resource for EISA slot 2
[    2.126346] platform eisa.0: Cannot allocate resource for EISA slot 3
[    2.131899] platform eisa.0: Cannot allocate resource for EISA slot 4
[    2.137983] platform eisa.0: Cannot allocate resource for EISA slot 5
[    2.142256] platform eisa.0: Cannot allocate resource for EISA slot 6
[    2.147061] platform eisa.0: Cannot allocate resource for EISA slot 7
[    2.151904] platform eisa.0: Cannot allocate resource for EISA slot 8
[    2.157066] platform eisa.0: EISA: Detected 0 cards
[    2.161114] intel_pstate: CPU model not supported
[    2.165032] ledtrig-cpu: registered to indicate activity on CPUs
[    2.170117] drop_monitor: Initializing network drop monitor service
[    2.177640] ================================================================================
[    2.184293] UBSAN: array-index-out-of-bounds in /build/linux-aws-6.5-4tw9h1/linux-aws-6.5-6.5.0/drivers/net/xen-netfront.c:349:9
[    2.193025] index 1 is out of range for type 'xen_netif_rx_sring_entry [1]'
[    2.198928] CPU: 0 PID: 47 Comm: xenwatch Not tainted 6.5.0-1014-aws #14~22.04.1-Ubuntu
[    2.202094] Hardware name: Xen HVM domU, BIOS 4.11.amazon 08/24/2006
[    2.202094] Call Trace:
[    2.202094]  <TASK>
[    2.202094]  dump_stack_lvl+0x48/0x70
[    2.202094]  dump_stack+0x10/0x20
[    2.202094]  __ubsan_handle_out_of_bounds+0xa2/0x100
[    2.202094]  ? __netdev_alloc_skb+0x44/0x1b0
[    2.202094]  xennet_alloc_rx_buffers+0x2d6/0x2f0
[    2.202094]  xennet_connect+0x171/0x240
[    2.202094]  netback_changed+0xf1/0x130
[    2.202094]  xenbus_otherend_changed+0xa0/0x170
[    2.202094]  ? __pfx_xenwatch_thread+0x10/0x10
[    2.202094]  backend_changed+0x13/0x30
[    2.202094]  xenwatch_thread+0xa5/0x190
[    2.202094]  ? __pfx_autoremove_wake_function+0x10/0x10
[    2.202094]  kthread+0xd6/0x100
[    2.202094]  ? __pfx_kthread+0x10/0x10
[    2.202094]  ret_from_fork+0x46/0x70
[    2.202094]  ? __pfx_kthread+0x10/0x10
[    2.202094]  ret_from_fork_asm+0x1b/0x30
[    2.202094]  </TASK>
[    2.277477] ================================================================================
[    2.299322] NET: Registered PF_INET6 protocol family
[    2.304175] Segment Routing with IPv6
[    2.307497] In-situ OAM (IOAM) with IPv6
[    2.311039] NET: Registered PF_PACKET protocol family
[    2.315527] Key type dns_resolver registered
[    2.319609] No MBM correction factor available
[    2.323595] IPI shorthand broadcast: enabled
[    2.328723] sched_clock: Marking stable (1696014833, 631120569)->(2576073476, -248938074)
[    2.335397] registered taskstats version 1
[    2.339062] Loading compiled-in X.509 certificates
[    2.343900] Loaded X.509 cert 'Build time autogenerated kernel key: 32c8d233f13a41481e38582a63046a43f77cdab2'
[    2.357057] Loaded X.509 cert 'Canonical Ltd. Live Patch Signing: 14df34d1a87cf37625abec039ef2bf521249b969'
[    2.365085] Loaded X.509 cert 'Canonical Ltd. Kernel Module Signing: 88f752e560a1e0737e31163a466ad7b70a850c19'
[    2.372935] blacklist: Loading compiled-in revocation X.509 certificates
[    2.377816] Loaded X.509 cert 'Canonical Ltd. Secure Boot Signing: 61482aa2830d0ab2ad5af10b7250da9033ddcef0'
[    2.384783] Loaded X.509 cert 'Canonical Ltd. Secure Boot Signing (2017): 242ade75ac4a15e50d50c84b0d45ff3eae707a03'
[    2.391887] Loaded X.509 cert 'Canonical Ltd. Secure Boot Signing (ESM 2018): 365188c1d374d6b07c3c8f240f8ef722433d6a8b'
[    2.400112] Loaded X.509 cert 'Canonical Ltd. Secure Boot Signing (2019): c0746fd6c5da3ae827864651ad66ae47fe24b3e8'
[    2.408049] Loaded X.509 cert 'Canonical Ltd. Secure Boot Signing (2021 v1): a8d54bbb3825cfb94fa13c9f8a594a195c107b8d'
[    2.417947] Loaded X.509 cert 'Canonical Ltd. Secure Boot Signing (2021 v2): 4cf046892d6fd3c9a5b03f98d845f90851dc6a8c'
[    2.428907] Loaded X.509 cert 'Canonical Ltd. Secure Boot Signing (2021 v3): 100437bb6de6e469b581e61cd66bce3ef4ed53af'
[    2.438307] Loaded X.509 cert 'Canonical Ltd. Secure Boot Signing (Ubuntu Core 2019): c1d57b8f6b743f23ee41f4f7ee292f06eecadfb9'
[    2.449471] blkfront: xvda: barrier or flush: disabled; persistent grants: disabled; indirect descriptors: enabled; bounce buffer: disabled;
[    2.460272] Key type .fscrypt registered
[    2.463415] Key type fscrypt-provisioning registered
[    2.467426] Key type encrypted registered
[    2.471653] AppArmor: AppArmor sha1 policy hashing enabled
[    2.476942] ima: No TPM chip found, activating TPM-bypass!
[    2.483047] Loading compiled-in module X.509 certificates
[    2.487714] ================================================================================
[    2.493612] UBSAN: array-index-out-of-bounds in /build/linux-aws-6.5-4tw9h1/linux-aws-6.5-6.5.0/drivers/block/xen-blkfront.c:554:14
[    2.501281] index 1 is out of range for type 'blkif_sring_entry [1]'
[    2.505538] CPU: 0 PID: 41 Comm: kworker/0:1H Not tainted 6.5.0-1014-aws #14~22.04.1-Ubuntu
[    2.511633] Hardware name: Xen HVM domU, BIOS 4.11.amazon 08/24/2006
[    2.515994] Workqueue: kblockd blk_mq_run_work_fn
[    2.519845] Call Trace:
[    2.522156]  <TASK>
[    2.524330]  dump_stack_lvl+0x48/0x70
[    2.527849]  dump_stack+0x10/0x20
[    2.547897]  __ubsan_handle_out_of_bounds+0xa2/0x100
[    2.552184]  ? get_free_entries+0xc3/0x150
[    2.555825]  blkif_queue_rw_req+0x5bb/0x5d0
[    2.559684]  blkif_queue_rq+0xcb/0x350
[    2.563358]  blk_mq_dispatch_rq_list+0x150/0x580
[    2.567061]  __blk_mq_do_dispatch_sched+0xba/0x320
[    2.570912]  __blk_mq_sched_dispatch_requests+0x15d/0x1a0
[    2.575241]  blk_mq_sched_dispatch_requests+0x45/0x90
[    2.579726]  blk_mq_run_work_fn+0x70/0x90
[    2.583216]  process_one_work+0x22c/0x430
[    2.586830]  worker_thread+0x50/0x400
[    2.589856]  ? __pfx_worker_thread+0x10/0x10
[    2.592997]  kthread+0xd6/0x100
[    2.595686]  ? __pfx_kthread+0x10/0x10
[    2.598716]  ret_from_fork+0x46/0x70
[    2.601818]  ? __pfx_kthread+0x10/0x10
[    2.605198]  ret_from_fork_asm+0x1b/0x30
[    2.608676]  </TASK>
[    2.610747] ================================================================================
[    2.617230] ================================================================================
[    2.623467] UBSAN: array-index-out-of-bounds in /build/linux-aws-6.5-4tw9h1/linux-aws-6.5-6.5.0/drivers/block/xen-blkfront.c:1569:3
[    2.631544] index 1 is out of range for type 'blkif_sring_entry [1]'
[    2.636496] CPU: 0 PID: 1 Comm: swapper/0 Not tainted 6.5.0-1014-aws #14~22.04.1-Ubuntu
[    2.642307] Hardware name: Xen HVM domU, BIOS 4.11.amazon 08/24/2006
[    2.646982] Call Trace:
[    2.649366]  <IRQ>
[    2.651419]  dump_stack_lvl+0x48/0x70
[    2.654579]  dump_stack+0x10/0x20
[    2.657510]  __ubsan_handle_out_of_bounds+0xa2/0x100
[    2.661543]  blkif_interrupt+0x877/0x970
[    2.664904]  __handle_irq_event_percpu+0x4f/0x180
[    2.668850]  handle_irq_event+0x3a/0x80
[    2.672002]  handle_edge_irq+0x8c/0x230
[    2.675187]  handle_irq_desc+0x40/0x60
[    2.678471]  generic_handle_irq+0x1f/0x30
[    2.681916]  handle_irq_for_port+0x8d/0x170
[    2.685471]  ? irq_get_irq_data+0xe/0x30
[    2.689321]  evtchn_2l_handle_events+0x1aa/0x3b0
[    2.692768]  __xen_evtchn_do_upcall+0x66/0xb0
[    2.696097]  xen_hvm_evtchn_do_upcall+0xe/0x20
[    2.699930]  __sysvec_xen_hvm_callback+0x53/0x70
[    2.703810]  sysvec_xen_hvm_callback+0x91/0xb0
[    2.707538]  </IRQ>
[    2.709613]  <TASK>
[    2.711779]  asm_sysvec_xen_hvm_callback+0x1b/0x20
[    2.715627] RIP: 0010:mpihelp_submul_1+0xae/0xf0
[    2.719607] Code: c7 48 0f 46 ce 48 89 c6 4c 01 ca 48 c1 e8 20 48 c1 e6 20 48 01 f2 49 39 d1 41 0f 97 c1 48 01 df 48 8b 37 45 0f b6 c9 48 29 d6 <4c> 11 c8 48 89 37 4c 8d 0c 08 41 83 c0 01 0f 85 7a ff ff ff 5b 4c
[    2.740074] RSP: 0000:ffffa0718001f7d8 EFLAGS: 00000212
[    2.743836] RAX: 0000000078d4e089 RBX: ffff92d7438511b8 RCX: 2604a6dbc7cf9e00
[    2.749480] RDX: a6ef3a7cff4bf78f RSI: 4f551238a0bfeefb RDI: ffff92d743851200
[    2.760068] RBP: ffffa0718001f800 R08: 00000000ffffffc9 R09: 0000000000000000
[    2.769294] R10: 00000000e05fa30c R11: 000000009fba8c18 R12: ffff92d7432ef800
[    2.774978] R13: 0000000100000000 R14: ffffffffffffffc0 R15: 35679e7a9ccc0f00
[    2.780815]  mpihelp_divrem+0x137/0x810
[    2.784214]  mpi_powm+0x641/0xab0
[    2.787242]  rsa_enc+0xa8/0x140
[    2.790050]  ? __kmalloc+0x53/0x130
[    2.793253]  pkcs1pad_verify+0x172/0x220
[    2.797025]  crypto_sig_verify+0x8f/0xe0
[    2.800328]  public_key_verify_signature+0x18d/0x220
[    2.804579]  ? asymmetric_key_generate_id+0x2d/0x90
[    2.808929]  ? __kmalloc+0x53/0x130
[    2.812250]  x509_check_for_self_signed+0xb1/0x100
[    2.816376]  x509_cert_parse+0x19b/0x220
[    2.819852]  x509_key_preparse+0x26/0x220
[    2.823270]  asymmetric_key_preparse+0x56/0xd0
[    2.827132]  __key_create_or_update+0x201/0x610
[    2.831324]  key_create_or_update+0x13/0x30
[    2.835108]  x509_load_certificate_list+0xad/0x110
[    2.840908]  load_module_cert+0x30/0x40
[    2.844479]  integrity_init_keyring+0x188/0x300
[    2.848358]  ? __pfx_init_ima+0x10/0x10
[    2.851666]  ima_init+0x2a/0xe0
[    2.854675]  ? __pfx_init_ima+0x10/0x10
[    2.857980]  init_ima+0x2a/0x130
[    2.860840]  ? __pfx_init_ima+0x10/0x10
[    2.864192]  do_one_initcall+0x49/0x300
[    2.867757]  do_initcalls+0xe3/0x1e0
[    2.871000]  kernel_init_freeable+0x12f/0x1f0
[    2.874901]  ? __pfx_kernel_init+0x10/0x10
[    2.878563]  kernel_init+0x1b/0x200
[    2.881645]  ? __pfx_kernel_init+0x10/0x10
[    2.885282]  ret_from_fork+0x46/0x70
[    2.888391]  ? __pfx_kernel_init+0x10/0x10
[    2.891991]  ret_from_fork_asm+0x1b/0x30
[    2.895505]  </TASK>
[    2.897670] ================================================================================
[    2.904812] Loaded X.509 cert 'Build time autogenerated kernel key: 32c8d233f13a41481e38582a63046a43f77cdab2'
[    2.912761] ima: Allocated hash algorithm: sha1
[    2.916901] ima: No architecture policies found
[    2.920983] evm: Initialising EVM extended attributes:
[    2.925679] evm: security.selinux
[    2.928703] evm: security.SMACK64
[    2.931785] evm: security.SMACK64EXEC
[    2.935447] evm: security.SMACK64TRANSMUTE
[    2.942135] evm: security.SMACK64MMAP
[    2.945577] evm: security.apparmor
[    2.948796] evm: security.ima
[    2.951919] evm: security.capability
[    2.955295] evm: HMAC attrs: 0x1
[    2.960772]  xvda: xvda1 xvda14 xvda15
[    3.059234] PM:   Magic number: 0:779:780
[    3.067734] RAS: Correctable Errors collector initialized.
[    3.073996] clk: Disabling unused clocks
[    3.080159] md: Waiting for all devices to be available before autodetect
[    3.085207] md: If you don't use raid, use raid=noautodetect
[    3.089454] md: Autodetecting RAID arrays.
[    3.093052] md: autorun ...
[    3.095841] md: ... autorun DONE.
[    3.106262] EXT4-fs (xvda1): mounted filesystem f6fd4237-ee4f-48ac-a938-dbc9bcbc6a4a ro with ordered data mode. Quota mode: none.
[    3.115948] VFS: Mounted root (ext4 filesystem) readonly on device 202:1.
[    3.124061] devtmpfs: mounted
[    3.129084] Freeing unused decrypted memory: 2036K
[    3.135349] Freeing unused kernel image (initmem) memory: 4888K
[    3.143153] Write protecting the kernel read-only data: 34816k
[    3.148011] Freeing unused kernel image (rodata/data gap) memory: 1096K
[    3.207769] x86/mm: Checked W+X mappings: passed, no W+X pages found.
[    3.212463] x86/mm: Checking user space page tables
[    3.267740] x86/mm: Checked W+X mappings: passed, no W+X pages found.
[    3.273147] Run /sbin/init as init process
[    3.588543] systemd[1]: Inserted module 'autofs4'
[    3.642889] systemd[1]: systemd 249.11-0ubuntu3.12 running in system mode (+PAM +AUDIT +SELINUX +APPARMOR +IMA +SMACK +SECCOMP +GCRYPT +GNUTLS +OPENSSL +ACL +BLKID +CURL +ELFUTILS +FIDO2 +IDN2 -IDN +IPTC +KMOD +LIBCRYPTSETUP +LIBFDISK +PCRE2 -PWQUALITY -P11KIT -QRENCODE +BZIP2 +LZ4 +XZ +ZLIB +ZSTD -XKBCOMMON +UTMP +SYSVINIT default-hierarchy=unified)
[    3.669621] systemd[1]: Detected virtualization xen.
[    3.674224] systemd[1]: Detected architecture x86-64.

Welcome to [1mUbuntu 22.04.4 LTS[0m!

[    3.687354] systemd[1]: Hostname set to <ip-172-31-95-105>.
[    3.722254] systemd[1]: memfd_create() called without MFD_EXEC or MFD_NOEXEC_SEAL set
[    3.836638] block xvda: the capability attribute has been deprecated.
[    4.255211] systemd[1]: Queued start job for default target Graphical Interface.
[    4.268164] systemd[1]: Created slice Slice /system/modprobe.
[[0;32m  OK  [0m] Created slice [0;1;39mSlice /system/modprobe[0m.
[    4.276424] systemd[1]: Created slice Slice /system/serial-getty.
[[0;32m  OK  [0m] Created slice [0;1;39mSlice /system/serial-getty[0m.
[    4.299277] systemd[1]: Created slice Slice /system/systemd-fsck.
[[0;32m  OK  [0m] Created slice [0;1;39mSlice /system/systemd-fsck[0m.
[    4.306826] systemd[1]: Created slice User and Session Slice.
[[0;32m  OK  [0m] Created slice [0;1;39mUser and Session Slice[0m.
[    4.314199] systemd[1]: Started Forward Password Requests to Wall Directory Watch.
[[0;32m  OK  [0m] Started [0;1;39mForward Password R…uests to Wall Directory Watch[0m.
[    4.322966] systemd[1]: Set up automount Arbitrary Executable File Formats File System Automount Point.
[[0;32m  OK  [0m] Set up automount [0;1;39mArbitrary…s File System Automount Point[0m.
[    4.333110] systemd[1]: Reached target Slice Units.
[[0;32m  OK  [0m] Reached target [0;1;39mSlice Units[0m.
[    4.338720] systemd[1]: Reached target Mounting snaps.
[[0;32m  OK  [0m] Reached target [0;1;39mMounting snaps[0m.
[    4.345346] systemd[1]: Reached target Swaps.
[[0;32m  OK  [0m] Reached target [0;1;39mSwaps[0m.
[    4.352054] systemd[1]: Reached target System Time Set.
[[0;32m  OK  [0m] Reached target [0;1;39mSystem Time Set[0m.
[    4.357699] systemd[1]: Reached target Local Verity Protected Volumes.
[[0;32m  OK  [0m] Reached target [0;1;39mLocal Verity Protected Volumes[0m.
[    4.365266] systemd[1]: Listening on Device-mapper event daemon FIFOs.
[[0;32m  OK  [0m] Listening on [0;1;39mDevice-mapper event daemon FIFOs[0m.
[    4.372645] systemd[1]: Listening on LVM2 poll daemon socket.
[[0;32m  OK  [0m] Listening on [0;1;39mLVM2 poll daemon socket[0m.
[    4.379319] systemd[1]: Listening on multipathd control socket.
[[0;32m  OK  [0m] Listening on [0;1;39mmultipathd control socket[0m.
[    4.385936] systemd[1]: Listening on Syslog Socket.
[[0;32m  OK  [0m] Listening on [0;1;39mSyslog Socket[0m.
[    4.391878] systemd[1]: Listening on fsck to fsckd communication Socket.
[[0;32m  OK  [0m] Listening on [0;1;39mfsck to fsckd communication Socket[0m.
[    4.399733] systemd[1]: Listening on initctl Compatibility Named Pipe.
[[0;32m  OK  [0m] Listening on [0;1;39minitctl Compatibility Named Pipe[0m.
[    4.406978] systemd[1]: Listening on Journal Audit Socket.
[[0;32m  OK  [0m] Listening on [0;1;39mJournal Audit Socket[0m.
[    4.413537] systemd[1]: Listening on Journal Socket (/dev/log).
[[0;32m  OK  [0m] Listening on [0;1;39mJournal Socket (/dev/log)[0m.
[    4.420578] systemd[1]: Listening on Journal Socket.
[[0;32m  OK  [0m] Listening on [0;1;39mJournal Socket[0m.
[    4.426458] systemd[1]: Listening on Network Service Netlink Socket.
[[0;32m  OK  [0m] Listening on [0;1;39mNetwork Service Netlink Socket[0m.
[    4.433136] systemd[1]: Listening on udev Control Socket.
[[0;32m  OK  [0m] Listening on [0;1;39mudev Control Socket[0m.
[    4.439519] systemd[1]: Listening on udev Kernel Socket.
[[0;32m  OK  [0m] Listening on [0;1;39mudev Kernel Socket[0m.
[    4.455639] systemd[1]: Mounting Huge Pages File System...
         Mounting [0;1;39mHuge Pages File System[0m...
[    4.464893] systemd[1]: Mounting POSIX Message Queue File System...
         Mounting [0;1;39mPOSIX Message Queue File System[0m...
[    4.474731] systemd[1]: Mounting Kernel Debug File System...
         Mounting [0;1;39mKernel Debug File System[0m...
[    4.483406] systemd[1]: Mounting Kernel Trace File System...
         Mounting [0;1;39mKernel Trace File System[0m...
[    4.493300] systemd[1]: Starting Journal Service...
         Starting [0;1;39mJournal Service[0m...
[    4.519361] systemd[1]: Starting Set the console keyboard layout...
         Starting [0;1;39mSet the console keyboard layout[0m...
[    4.539332] systemd[1]: Starting Create List of Static Device Nodes...
         Starting [0;1;39mCreate List of Static Device Nodes[0m...
[    4.559313] systemd[1]: Starting Monitoring of LVM2 mirrors, snapshots etc. using dmeventd or progress polling...
         Starting [0;1;39mMonitoring of LVM…meventd or progress polling[0m...
[    4.575200] systemd[1]: Condition check resulted in LXD - agent being skipped.
[    4.595294] systemd[1]: Starting Load Kernel Module configfs...
         Starting [0;1;39mLoad Kernel Module configfs[0m...
[    4.651278] systemd[1]: Starting Load Kernel Module drm...
         Starting [0;1;39mLoad Kernel Module drm[0m...
[    4.663303] systemd[1]: Starting Load Kernel Module efi_pstore...
         Starting [0;1;39mLoad Kernel Module efi_pstore[0m...
[    4.678876] systemd[1]: Starting Load Kernel Module fuse...
         Starting [0;1;39mLoad Kernel Module fuse[0m...
[    4.687456] systemd[1]: Condition check resulted in OpenVSwitch configuration for cleanup being skipped.
[    4.703521] systemd[1]: Starting File System Check on Root Device...
         Starting [0;1;39mFile System Check on Root Device[0m...
[    4.745793] ACPI: bus type drm_connector registered
[    4.751337] systemd[1]: Starting Load Kernel Modules...
         Starting [0;1;39mLoad Kernel Modules[0m...
[    4.762655] systemd[1]: Starting Coldplug All udev Devices...
         Starting [0;1;39mColdplug All udev Devices[0m...
[    4.780878] systemd[1]: Started Journal Service.
[[0;32m  OK  [0m] Started [0;1;39mJournal Service[0m.
[[0;32m  OK  [0m] Mounted [0;1;39mHuge Pages File System[0m.
[[0;32m  OK  [0m] Mounted [0;1;39mPOSIX Message Queue File System[0m.
[[0;32m  OK  [0m] Mounted [0;1;39mKernel Debug File System[0m.
[[0;32m  OK  [0m] Mounted [0;1;39mKernel Trace File System[0m.
[[0;32m  OK  [0m] Finished [0;1;39mSet the console keyboard layout[0m.
[[0;32m  OK  [0m] Finished [0;1;39mCreate List of Static Device Nodes[0m.
[[0;32m  OK  [0m] Finished [0;1;39mLoad Kernel Module configfs[0m.
[[0;32m  OK  [0m] Finished [0;1;39mLoad Kernel Module drm[0m.
[[0;32m  OK  [0m] Finished [0;1;39mLoad Kernel Module efi_pstore[0m.
[[0;32m  OK  [0m] Finished [0;1;39mLoad Kernel Module fuse[0m.
[[0;32m  OK  [0m] Finished [0;1;39mFile System Check on Root Device[0m.
[[0;32m  OK  [0m] Finished [0;1;39mLoad Kernel Modules[0m.
         Mounting [0;1;39mFUSE Control File System[0m...
         Mounting [0;1;39mKernel Configuration File System[0m...
[[0;32m  OK  [0m] Started [0;1;39mFile System Check Daemon to report status[0m.
         Starting [0;1;39mRemount Root and Kernel File Systems[0m...
         Starting [0;1;39mApply Kernel Variables[0m...
[[0;32m  OK  [0m] Mounted [0;1;39mFUSE Control File System[0m.
[[0;32m  OK  [0m] Mounted [0;1;39mKernel Configuration File System[0m.
[[0;32m  OK  [0m] Finished [0;1;39mApply Kernel Variables[0m.
[[0;32m  OK  [0m] Finished [0;1;39mRemount Root and Kernel File Systems[0m.
         Starting [0;1;39mDevice-Mapper Multipath Device Controller[0m...
         Starting [0;1;39mFlush Journal to Persistent Storage[0m...
         Starting [0;1;39mLoad/Save Random Seed[0m...
         Starting [0;1;39mCreate System Users[0m...
[[0;32m  OK  [0m] Finished [0;1;39mColdplug All udev Devices[0m.
[[0;32m  OK  [0m] Finished [0;1;39mLoad/Save Random Seed[0m.
[[0;32m  OK  [0m] Finished [0;1;39mCreate System Users[0m.
         Starting [0;1;39mCreate Static Device Nodes in /dev[0m...
[[0;32m  OK  [0m] Finished [0;1;39mCreate Static Device Nodes in /dev[0m.
         Starting [0;1;39mRule-based Manage…for Device Events and Files[0m...
[[0;32m  OK  [0m] Started [0;1;39mDevice-Mapper Multipath Device Controller[0m.
[[0;32m  OK  [0m] Finished [0;1;39mFlush Journal to Persistent Storage[0m.
[[0;32m  OK  [0m] Started [0;1;39mRule-based Manager for Device Events and Files[0m.
[[0;32m  OK  [0m] Started [0;1;39mDispatch Password …ts to Console Directory Watch[0m.
[[0;32m  OK  [0m] Reached target [0;1;39mLocal Encrypted Volumes[0m.
[[0;32m  OK  [0m] Found device [0;1;39m/dev/ttyS0[0m.
[[0;32m  OK  [0m] Listening on [0;1;39mLoad/Save RF …itch Status /dev/rfkill Watch[0m.
[[0;32m  OK  [0m] Found device [0;1;39m/dev/disk/by-label/UEFI[0m.
[[0;32m  OK  [0m] Finished [0;1;39mMonitoring of LVM… dmeventd or progress polling[0m.
[[0;32m  OK  [0m] Reached target [0;1;39mPreparation for Local File Systems[0m.
         Mounting [0;1;39mMount unit for am…on-ssm-agent, revision 7628[0m...
         Mounting [0;1;39mMount unit for core18, revision 2812[0m...
         Mounting [0;1;39mMount unit for core20, revision 2182[0m...
         Mounting [0;1;39mMount unit for lxd, revision 27037[0m...
         Mounting [0;1;39mMount unit for lxd, revision 27428[0m...
         Mounting [0;1;39mMount unit for snapd, revision 20671[0m...
         Starting [0;1;39mFile System Check on /dev/disk/by-label/UEFI[0m...
[[0;32m  OK  [0m] Mounted [0;1;39mMount unit for amazon-ssm-agent, revision 7628[0m.
[[0;32m  OK  [0m] Mounted [0;1;39mMount unit for core18, revision 2812[0m.
[[0;32m  OK  [0m] Mounted [0;1;39mMount unit for core20, revision 2182[0m.
[[0;32m  OK  [0m] Mounted [0;1;39mMount unit for lxd, revision 27037[0m.
[[0;32m  OK  [0m] Mounted [0;1;39mMount unit for lxd, revision 27428[0m.
[[0;32m  OK  [0m] Mounted [0;1;39mMount unit for snapd, revision 20671[0m.
[[0;32m  OK  [0m] Reached target [0;1;39mMounted snaps[0m.
[[0;32m  OK  [0m] Finished [0;1;39mFile System Check on /dev/disk/by-label/UEFI[0m.
         Mounting [0;1;39m/boot/efi[0m...
[[0;32m  OK  [0m] Mounted [0;1;39m/boot/efi[0m.
[[0;32m  OK  [0m] Reached target [0;1;39mLocal File Systems[0m.
         Starting [0;1;39mLoad AppArmor profiles[0m...
         Starting [0;1;39mSet console font and keymap[0m...
         Starting [0;1;39mCreate final runt…dir for shutdown pivot root[0m...
         Starting [0;1;39mTell Plymouth To Write Out Runtime Data[0m...
         Starting [0;1;39mSet Up Additional Binary Formats[0m...
         Starting [0;1;39mCreate Volatile Files and Directories[0m...
         Starting [0;1;39mUncomplicated firewall[0m...
[[0;32m  OK  [0m] Finished [0;1;39mSet console font and keymap[0m.
[[0;32m  OK  [0m] Finished [0;1;39mCreate final runt…e dir for shutdown pivot root[0m.
[[0;32m  OK  [0m] Finished [0;1;39mTell Plymouth To Write Out Runtime Data[0m.
[[0;32m  OK  [0m] Finished [0;1;39mUncomplicated firewall[0m.
         Mounting [0;1;39mArbitrary Executable File Formats File System[0m...
[[0;32m  OK  [0m] Finished [0;1;39mCreate Volatile Files and Directories[0m.
[[0;32m  OK  [0m] Mounted [0;1;39mArbitrary Executable File Formats File System[0m.
         Starting [0;1;39mRecord System Boot/Shutdown in UTMP[0m...
[[0;32m  OK  [0m] Finished [0;1;39mSet Up Additional Binary Formats[0m.
[[0;32m  OK  [0m] Finished [0;1;39mRecord System Boot/Shutdown in UTMP[0m.
[[0;32m  OK  [0m] Finished [0;1;39mLoad AppArmor profiles[0m.
         Starting [0;1;39mLoad AppArmor pro…managed internally by snapd[0m...
         Starting [0;1;39mInitial cloud-init job (pre-networking)[0m...
[[0;32m  OK  [0m] Finished [0;1;39mLoad AppArmor pro…s managed internally by snapd[0m.
[    7.552080] cloud-init[281]: Cloud-init v. 23.4.4-0ubuntu0~22.04.1 running 'init-local' at Wed, 20 Mar 2024 10:47:44 +0000. Up 7.52 seconds.
[    8.260338] ================================================================================
[    8.266563] UBSAN: array-index-out-of-bounds in /build/linux-aws-6.5-4tw9h1/linux-aws-6.5-6.5.0/drivers/net/xen-netfront.c:1323:3
[    8.274563] index 1 is out of range for type 'xen_netif_rx_sring_entry [1]'
[    8.289172] ================================================================================
[    8.351896] ================================================================================
[    8.358412] UBSAN: array-index-out-of-bounds in /build/linux-aws-6.5-4tw9h1/linux-aws-6.5-6.5.0/drivers/net/xen-netfront.c:502:7
[    8.367340] index 1 is out of range for type 'xen_netif_tx_sring_entry [1]'
[    8.373402] ================================================================================
[    8.379833] ================================================================================
[    8.386568] UBSAN: array-index-out-of-bounds in /build/linux-aws-6.5-4tw9h1/linux-aws-6.5-6.5.0/drivers/net/xen-netfront.c:430:4
[    8.403891] index 1 is out of range for type 'xen_netif_tx_sring_entry [1]'
[    8.410220] ================================================================================
[[0;32m  OK  [0m] Finished [0;1;39mInitial cloud-init job (pre-networking)[0m.
[[0;32m  OK  [0m] Reached target [0;1;39mPreparation for Network[0m.
         Starting [0;1;39mNetwork Configuration[0m...
[[0;32m  OK  [0m] Started [0;1;39mNetwork Configuration[0m.
         Starting [0;1;39mWait for Network to be Configured[0m...
         Starting [0;1;39mNetwork Name Resolution[0m...
[[0;32m  OK  [0m] Started [0;1;39mNetwork Name Resolution[0m.
[[0;32m  OK  [0m] Reached target [0;1;39mNetwork[0m.
[[0;32m  OK  [0m] Reached target [0;1;39mHost and Network Name Lookups[0m.
[[0;32m  OK  [0m] Finished [0;1;39mWait for Network to be Configured[0m.
         Starting [0;1;39mInitial cloud-ini… (metadata service crawler)[0m...
[   20.975068] cloud-init[311]: Cloud-init v. 23.4.4-0ubuntu0~22.04.1 running 'init' at Wed, 20 Mar 2024 10:47:58 +0000. Up 20.94 seconds.
[   21.004133] cloud-init[311]: ci-info: +++++++++++++++++++++++++++++++++++++++Net device info+++++++++++++++++++++++++++++++++++++++
[   21.028593] cloud-init[311]: ci-info: +--------+------+------------------------------+---------------+--------+-------------------+
[   21.044549] cloud-init[311]: ci-info: | Device |  Up  |           Address            |      Mask     | Scope  |     Hw-Address    |
[   21.058997] cloud-init[311]: ci-info: +--------+------+------------------------------+---------------+--------+-------------------+
[   21.076678] cloud-init[311]: ci-info: |  eth0  | True |        172.31.95.105         | 255.255.240.0 | global | 12:1d:90:8c:94:7b |
[   21.092645] cloud-init[311]: ci-info: |  eth0  | True | fe80::101d:90ff:fe8c:947b/64 |       .       |  link  | 12:1d:90:8c:94:7b |
[   21.108566] cloud-init[311]: ci-info: |   lo   | True |          127.0.0.1           |   255.0.0.0   |  host  |         .         |
[   21.124261] cloud-init[311]: ci-info: |   lo   | True |           ::1/128            |       .       |  host  |         .         |
[   21.136737] cloud-init[311]: ci-info: +--------+------+------------------------------+---------------+--------+-------------------+
[   21.146816] cloud-init[311]: ci-info: ++++++++++++++++++++++++++++++Route IPv4 info++++++++++++++++++++++++++++++
[   21.160681] cloud-init[311]: ci-info: +-------+-------------+-------------+-----------------+-----------+-------+
[   21.172552] cloud-init[311]: ci-info: | Route | Destination |   Gateway   |     Genmask     | Interface | Flags |
[   21.188559] cloud-init[311]: ci-info: +-------+-------------+-------------+-----------------+-----------+-------+
[   21.200519] cloud-init[311]: ci-info: |   0   |   0.0.0.0   | 172.31.80.1 |     0.0.0.0     |    eth0   |   UG  |
[   21.210328] cloud-init[311]: ci-info: |   1   |  172.31.0.2 | 172.31.80.1 | 255.255.255.255 |    eth0   |  UGH  |
[   21.219346] cloud-init[311]: ci-info: |   2   | 172.31.80.0 |   0.0.0.0   |  255.255.240.0  |    eth0   |   U   |
[   21.228394] cloud-init[311]: ci-info: |   3   | 172.31.80.1 |   0.0.0.0   | 255.255.255.255 |    eth0   |   UH  |
[   21.237045] cloud-init[311]: ci-info: +-------+-------------+-------------+-----------------+-----------+-------+
[   21.246328] cloud-init[311]: ci-info: +++++++++++++++++++Route IPv6 info+++++++++++++++++++
[   21.254804] cloud-init[311]: ci-info: +-------+-------------+---------+-----------+-------+
[   21.262406] cloud-init[311]: ci-info: | Route | Destination | Gateway | Interface | Flags |
[   21.271525] cloud-init[311]: ci-info: +-------+-------------+---------+-----------+-------+
[   21.279991] cloud-init[311]: ci-info: |   1   |  fe80::/64  |    ::   |    eth0   |   U   |
[   21.287962] cloud-init[311]: ci-info: |   3   |    local    |    ::   |    eth0   |   U   |
[   21.295710] cloud-init[311]: ci-info: |   4   |  multicast  |    ::   |    eth0   |   U   |
[   21.303570] cloud-init[311]: ci-info: +-------+-------------+---------+-----------+-------+
[[0;32m  OK  [0m] Finished [0;1;39mInitial cloud-ini…ob (metadata service crawler)[0m.
[[0;32m  OK  [0m] Reached target [0;1;39mCloud-config availability[0m.
[[0;32m  OK  [0m] Reached target [0;1;39mNetwork is Online[0m.
[[0;32m  OK  [0m] Reached target [0;1;39mSystem Initialization[0m.
[[0;32m  OK  [0m] Started [0;1;39mACPI Events Check[0m.
[[0;32m  OK  [0m] Started [0;1;39mDaily Cleanup of Temporary Directories[0m.
[[0;32m  OK  [0m] Started [0;1;39mDownload data for …ailed at package install time[0m.
[[0;32m  OK  [0m] Reached target [0;1;39mPath Units[0m.
[[0;32m  OK  [0m] Listening on [0;1;39mACPID Listen Socket[0m.
[[0;32m  OK  [0m] Listening on [0;1;39mcloud-init hotplug hook socket[0m.
[[0;32m  OK  [0m] Listening on [0;1;39mD-Bus System Message Bus Socket[0m.
[[0;32m  OK  [0m] Listening on [0;1;39mOpen-iSCSI iscsid Socket[0m.
[[0;32m  OK  [0m] Listening on [0;1;39mSocket unix for snap application lxd.daemon[0m.
[[0;32m  OK  [0m] Listening on [0;1;39mSocket unix f…p application lxd.user-daemon[0m.
         Starting [0;1;39mSocket activation for snappy daemon[0m...
[[0;32m  OK  [0m] Listening on [0;1;39mUUID daemon activation socket[0m.
[[0;32m  OK  [0m] Reached target [0;1;39mPreparation for Remote File Systems[0m.
[[0;32m  OK  [0m] Reached target [0;1;39mRemote File Systems[0m.
[[0;32m  OK  [0m] Finished [0;1;39mAvailability of block devices[0m.
[[0;32m  OK  [0m] Listening on [0;1;39mSocket activation for snappy daemon[0m.
[[0;32m  OK  [0m] Reached target [0;1;39mSocket Units[0m.
[[0;32m  OK  [0m] Reached target [0;1;39mBasic System[0m.
[[0;32m  OK  [0m] Started [0;1;39mACPI event daemon[0m.
         Starting [0;1;39mLSB: automatic crash report generation[0m...
         Starting [0;1;39mchrony, an NTP client/server[0m...
[[0;32m  OK  [0m] Started [0;1;39mRegular background program processing daemon[0m.
[[0;32m  OK  [0m] Started [0;1;39mD-Bus System Message Bus[0m.
[[0;32m  OK  [0m] Started [0;1;39mSave initial kernel messages after boot[0m.
         Starting [0;1;39mRemove Stale Onli…t4 Metadata Check Snapshots[0m...
         Starting [0;1;39mEC2 Instance Connect Host Key Harvesting[0m...
         Starting [0;1;39mRecord successful boot for GRUB[0m...
[[0;32m  OK  [0m] Started [0;1;39mirqbalance daemon[0m.
         Starting [0;1;39mDispatcher daemon for systemd-networkd[0m...
         Starting [0;1;39mSystem Logging Service[0m...
[[0;32m  OK  [0m] Started [0;1;39mService for snap a…on-ssm-agent.amazon-ssm-agent[0m.
         Starting [0;1;39mService for snap application lxd.activate[0m...
[[0;32m  OK  [0m] Started [0;1;39mUserspace listener for prompt events[0m.
[[0;32m  OK  [0m] Reached target [0;1;39mPreparation for Logins[0m.
         Starting [0;1;39mSnap Daemon[0m...
         Starting [0;1;39mUser Login Management[0m...
         Starting [0;1;39mPermit User Sessions[0m...
[[0;32m  OK  [0m] Started [0;1;39mchrony, an NTP client/server[0m.
[[0;32m  OK  [0m] Reached target [0;1;39mSystem Time Synchronized[0m.
[[0;32m  OK  [0m] Started [0;1;39mDaily apt download activities[0m.
[[0;32m  OK  [0m] Started [0;1;39mDaily apt upgrade and clean activities[0m.
[[0;32m  OK  [0m] Started [0;1;39mDaily dpkg database backup timer[0m.
[[0;32m  OK  [0m] Started [0;1;39mPeriodic ext4 Onli…ata Check for All Filesystems[0m.
[[0;32m  OK  [0m] Started [0;1;39mDiscard unused blocks once a week[0m.
[[0;32m  OK  [0m] Started [0;1;39mDaily rotation of log files[0m.
[[0;32m  OK  [0m] Started [0;1;39mDaily man-db regeneration[0m.
[[0;32m  OK  [0m] Started [0;1;39mMessage of the Day[0m.
[[0;32m  OK  [0m] Started [0;1;39mCheck to see wheth…w version of Ubuntu available[0m.
[[0;32m  OK  [0m] Reached target [0;1;39mTimer Units[0m.
[[0;32m  OK  [0m] Started [0;1;39mSystem Logging Service[0m.
[[0;32m  OK  [0m] Finished [0;1;39mPermit User Sessions[0m.
         Starting [0;1;39mHold until boot process finishes up[0m...
         Starting [0;1;39mTerminate Plymouth Boot Screen[0m...
         Starting [0;1;39mHostname Service[0m...
         Starting [0;1;39mRotate log files[0m...
[[0;32m  OK  [0m] Finished [0;1;39mHold until boot process finishes up[0m.
[[0;32m  OK  [0m] Finished [0;1;39mTerminate Plymouth Boot Screen[0m.
[[0;32m  OK  [0m] Finished [0;1;39mRecord successful boot for GRUB[0m.
         Starting [0;1;39mGRUB failed boot detection[0m...
[[0;32m  OK  [0m] Started [0;1;39mSerial Getty on ttyS0[0m.
         Starting [0;1;39mSet console scheme[0m...
[[0;32m  OK  [0m] Finished [0;1;39mSet console scheme[0m.
[[0;32m  OK  [0m] Created slice [0;1;39mSlice /system/getty[0m.
[[0;32m  OK  [0m] Started [0;1;39mGetty on tty1[0m.
[[0;32m  OK  [0m] Reached target [0;1;39mLogin Prompts[0m.
[[0;32m  OK  [0m] Finished [0;1;39mGRUB failed boot detection[0m.
[[0;32m  OK  [0m] Started [0;1;39mLSB: automatic crash report generation[0m.
[[0;32m  OK  [0m] Finished [0;1;39mRemove Stale Onli…ext4 Metadata Check Snapshots[0m.
[[0;32m  OK  [0m] Finished [0;1;39mRotate log files[0m.
[[0;32m  OK  [0m] Started [0;1;39mUser Login Management[0m.
[[0;32m  OK  [0m] Started [0;1;39mUnattended Upgrades Shutdown[0m.
[[0;32m  OK  [0m] Started [0;1;39mHostname Service[0m.
         Starting [0;1;39mAuthorization Manager[0m...
[[0;32m  OK  [0m] Started [0;1;39mAuthorization Manager[0m.
[[0;32m  OK  [0m] Started [0;1;39mDispatcher daemon for systemd-networkd[0m.
[   24.568933] ================================================================================
[   24.574186] UBSAN: array-index-out-of-bounds in /build/linux-aws-6.5-4tw9h1/linux-aws-6.5-6.5.0/drivers/net/xen-netfront.c:824:4
[   24.581058] index 63 is out of range for type 'xen_netif_tx_sring_entry [1]'
[   24.585428] ================================================================================
[[0;32m  OK  [0m] Finished [0;1;39mEC2 Instance Connect Host Key Harvesting[0m.
         Starting [0;1;39mOpenBSD Secure Shell server[0m...
[[0;32m  OK  [0m] Started [0;1;39mOpenBSD Secure Shell server[0m.
[[0;32m  OK  [0m] Started [0;1;39mSnap Daemon[0m.
         Starting [0;1;39mWait until snapd is fully seeded[0m...
         Starting [0;1;39mTime & Date Service[0m...
[[0;32m  OK  [0m] Started [0;1;39mTime & Date Service[0m.
[[0;32m  OK  [0m] Finished [0;1;39mWait until snapd is fully seeded[0m.
         Starting [0;1;39mApply the settings specified in cloud-config[0m...
[[0;32m  OK  [0m] Finished [0;1;39mService for snap application lxd.activate[0m.
[   26.406232] cloud-init[644]: Cloud-init v. 23.4.4-0ubuntu0~22.04.1 running 'modules:config' at Wed, 20 Mar 2024 10:48:03 +0000. Up 26.35 seconds.
[[0;32m  OK  [0m] Finished [0;1;39mApply the settings specified in cloud-config[0m.
         Starting [0;1;39mEC2 instance hibernation setup agent[0m...
[   27.757849] cloud-init[678]: Cloud-init v. 23.4.4-0ubuntu0~22.04.1 running 'modules:final' at Wed, 20 Mar 2024 10:48:04 +0000. Up 27.65 seconds.

Ubuntu 22.04.4 LTS ip-172-31-95-105 ttyS0

ip-172-31-95-105 login: [   27.905343] cloud-init[678]: Cloud-init v. 23.4.4-0ubuntu0~22.04.1 finished at Wed, 20 Mar 2024 10:48:04 +0000. Datasource DataSourceEc2Local.  Up 27.89 seconds
